<?xml version="1.0" encoding="UTF-8"?>
<testng-results ignored="0" total="1" passed="1" failed="0" skipped="0">
  <reporter-output>
  </reporter-output>
  <suite started-at="2022-09-12T22:50:43 IST" name="Suite" finished-at="2022-09-12T22:50:59 IST" duration-ms="15138">
    <groups>
    </groups>
    <test started-at="2022-09-12T22:50:43 IST" name="Test" finished-at="2022-09-12T22:50:59 IST" duration-ms="15138">
      <class name="AutomationPackage.BasePage">
        <test-method signature="loginChrome()[pri:0, instance:AutomationPackage.BasePage@635eaaf1]" started-at="2022-09-12T22:50:44 IST" name="loginChrome" finished-at="2022-09-12T22:50:59 IST" duration-ms="15037" status="PASS">
          <reporter-output>
          </reporter-output>
        </test-method> <!-- loginChrome -->
      </class> <!-- AutomationPackage.BasePage -->
    </test> <!-- Test -->
  </suite> <!-- Suite -->
</testng-results>
