<?xml version="1.0" encoding="UTF-8"?>
<testng-results ignored="0" total="1" passed="1" failed="0" skipped="0">
  <reporter-output>
  </reporter-output>
  <suite started-at="2022-09-12T19:33:06 IST" name="Default suite" finished-at="2022-09-12T19:33:31 IST" duration-ms="25522">
    <groups>
    </groups>
    <test started-at="2022-09-12T19:33:06 IST" name="Default test" finished-at="2022-09-12T19:33:31 IST" duration-ms="25522">
      <class name="AutomationPackage.BasePage">
        <test-method signature="loginChrome()[pri:0, instance:AutomationPackage.BasePage@7f3b84b8]" started-at="2022-09-12T19:33:06 IST" name="loginChrome" finished-at="2022-09-12T19:33:31 IST" duration-ms="25235" status="PASS">
          <reporter-output>
          </reporter-output>
        </test-method> <!-- loginChrome -->
      </class> <!-- AutomationPackage.BasePage -->
    </test> <!-- Default test -->
  </suite> <!-- Default suite -->
</testng-results>
